{"file":"/__w/zrok/zrok/cmd/zrok/shareReserved.go:130","func":"main.(*shareReservedCommand).shareLocal","level":"info","msg":"sharing target: 'http://127.0.0.1:3001'","time":"2025-06-18T03:47:27.053Z"}
{"file":"/__w/zrok/zrok/cmd/zrok/shareReserved.go:145","func":"main.(*shareReservedCommand).shareLocal","level":"info","msg":"using existing backend target: http://127.0.0.1:3001","time":"2025-06-18T03:47:27.053Z"}
{"file":"/github/home/go/pkg/mod/github.com/openziti/sdk-golang@v1.1.0/ziti/ziti.go:2166","func":"github.com/openziti/sdk-golang/ziti.(*listenerManager).createSessionWithBackoff","level":"info","msg":"new service session","session token":"55089a96-11e5-4f12-8f37-3e8cb77ba1c1","time":"2025-06-18T03:47:29.363Z"}
{"file":"/__w/zrok/zrok/cmd/zrok/shareReserved.go:342","func":"main.(*shareReservedCommand).shareLocal","level":"info","msg":"access your zrok share: https://suvasamfrontend.share.zrok.io","time":"2025-06-18T03:47:29.844Z"}
{"file":"/__w/zrok/zrok/cmd/zrok/shareReserved.go:350","func":"main.(*shareReservedCommand).shareLocal","level":"info","msg":"[] -\u003e GET /","time":"2025-06-18T03:47:34.759Z"}
{"file":"/__w/zrok/zrok/cmd/zrok/shareReserved.go:350","func":"main.(*shareReservedCommand).shareLocal","level":"info","msg":"[] -\u003e GET /src/main.tsx","time":"2025-06-18T03:47:35.001Z"}
{"file":"/__w/zrok/zrok/cmd/zrok/shareReserved.go:350","func":"main.(*shareReservedCommand).shareLocal","level":"info","msg":"[] -\u003e GET /node_modules/.vite/deps/react_jsx-dev-runtime.js?v=c35c6f3e","time":"2025-06-18T03:47:35.200Z"}
{"file":"/__w/zrok/zrok/cmd/zrok/shareReserved.go:350","func":"main.(*shareReservedCommand).shareLocal","level":"info","msg":"[] -\u003e GET /src/index.css","time":"2025-06-18T03:47:35.370Z"}
{"file":"/__w/zrok/zrok/cmd/zrok/shareReserved.go:350","func":"main.(*shareReservedCommand).shareLocal","level":"info","msg":"[] -\u003e GET /@vite/client","time":"2025-06-18T03:47:35.472Z"}
{"file":"/__w/zrok/zrok/cmd/zrok/shareReserved.go:350","func":"main.(*shareReservedCommand).shareLocal","level":"info","msg":"[] -\u003e GET /node_modules/.vite/deps/chunk-HXA6O6EE.js?v=1213b022","time":"2025-06-18T03:47:35.571Z"}
{"file":"/__w/zrok/zrok/cmd/zrok/shareReserved.go:350","func":"main.(*shareReservedCommand).shareLocal","level":"info","msg":"[] -\u003e GET /@react-refresh","time":"2025-06-18T03:47:35.636Z"}
{"file":"/__w/zrok/zrok/cmd/zrok/shareReserved.go:350","func":"main.(*shareReservedCommand).shareLocal","level":"info","msg":"[] -\u003e GET /src/App.tsx","time":"2025-06-18T03:47:35.758Z"}
{"file":"/__w/zrok/zrok/cmd/zrok/shareReserved.go:350","func":"main.(*shareReservedCommand).shareLocal","level":"info","msg":"[] -\u003e GET /node_modules/.vite/deps/react-dom_client.js?v=c465da32","time":"2025-06-18T03:47:35.759Z"}
{"file":"/__w/zrok/zrok/cmd/zrok/shareReserved.go:350","func":"main.(*shareReservedCommand).shareLocal","level":"info","msg":"[] -\u003e GET /node_modules/.vite/deps/chunk-BG45W2ER.js?v=1213b022","time":"2025-06-18T03:47:35.770Z"}
{"file":"/__w/zrok/zrok/cmd/zrok/shareReserved.go:350","func":"main.(*shareReservedCommand).shareLocal","level":"info","msg":"[] -\u003e GET /node_modules/vite/dist/client/env.mjs","time":"2025-06-18T03:47:35.860Z"}
{"file":"/__w/zrok/zrok/cmd/zrok/shareReserved.go:350","func":"main.(*shareReservedCommand).shareLocal","level":"info","msg":"[] -\u003e GET /node_modules/.vite/deps/react-router-dom.js?v=ab522335","time":"2025-06-18T03:47:36.000Z"}
{"file":"/__w/zrok/zrok/cmd/zrok/shareReserved.go:350","func":"main.(*shareReservedCommand).shareLocal","level":"info","msg":"[] -\u003e GET /src/pages/Sites.tsx","time":"2025-06-18T03:47:36.002Z"}
{"file":"/__w/zrok/zrok/cmd/zrok/shareReserved.go:350","func":"main.(*shareReservedCommand).shareLocal","level":"info","msg":"[] -\u003e GET /node_modules/.vite/deps/@tanstack_react-query.js?v=8c34419a","time":"2025-06-18T03:47:36.003Z"}
{"file":"/__w/zrok/zrok/cmd/zrok/shareReserved.go:350","func":"main.(*shareReservedCommand).shareLocal","level":"info","msg":"[] -\u003e GET /src/pages/Dashboard.tsx","time":"2025-06-18T03:47:36.005Z"}
{"file":"/__w/zrok/zrok/cmd/zrok/shareReserved.go:350","func":"main.(*shareReservedCommand).shareLocal","level":"info","msg":"[] -\u003e GET /src/components/ui/sonner.tsx","time":"2025-06-18T03:47:36.239Z"}
{"file":"/__w/zrok/zrok/cmd/zrok/shareReserved.go:350","func":"main.(*shareReservedCommand).shareLocal","level":"info","msg":"[] -\u003e GET /src/pages/MaterialRequests.tsx","time":"2025-06-18T03:47:36.327Z"}
{"file":"/__w/zrok/zrok/cmd/zrok/shareReserved.go:350","func":"main.(*shareReservedCommand).shareLocal","level":"info","msg":"[] -\u003e GET /src/pages/Activities.tsx","time":"2025-06-18T03:47:36.451Z"}
{"file":"/__w/zrok/zrok/cmd/zrok/shareReserved.go:350","func":"main.(*shareReservedCommand).shareLocal","level":"info","msg":"[] -\u003e GET /src/components/ui/tooltip.tsx","time":"2025-06-18T03:47:36.491Z"}
{"file":"/__w/zrok/zrok/cmd/zrok/shareReserved.go:350","func":"main.(*shareReservedCommand).shareLocal","level":"info","msg":"[] -\u003e GET /src/pages/Users.tsx","time":"2025-06-18T03:47:36.492Z"}
{"file":"/__w/zrok/zrok/cmd/zrok/shareReserved.go:350","func":"main.(*shareReservedCommand).shareLocal","level":"info","msg":"[] -\u003e GET /src/components/ui/sidebar.tsx","time":"2025-06-18T03:47:36.594Z"}
{"file":"/__w/zrok/zrok/cmd/zrok/shareReserved.go:350","func":"main.(*shareReservedCommand).shareLocal","level":"info","msg":"[] -\u003e GET /src/components/AppSidebar.tsx","time":"2025-06-18T03:47:36.657Z"}
{"file":"/__w/zrok/zrok/cmd/zrok/shareReserved.go:350","func":"main.(*shareReservedCommand).shareLocal","level":"info","msg":"[] -\u003e GET /src/components/ui/toaster.tsx","time":"2025-06-18T03:47:36.657Z"}
{"file":"/__w/zrok/zrok/cmd/zrok/shareReserved.go:350","func":"main.(*shareReservedCommand).shareLocal","level":"info","msg":"[] -\u003e GET /src/pages/MessageLogs.tsx","time":"2025-06-18T03:47:36.658Z"}
{"file":"/__w/zrok/zrok/cmd/zrok/shareReserved.go:350","func":"main.(*shareReservedCommand).shareLocal","level":"info","msg":"[] -\u003e GET /src/pages/EmployeeOTPs.tsx","time":"2025-06-18T03:47:36.658Z"}
{"file":"/__w/zrok/zrok/cmd/zrok/shareReserved.go:350","func":"main.(*shareReservedCommand).shareLocal","level":"info","msg":"[] -\u003e GET /src/pages/Bookings.tsx","time":"2025-06-18T03:47:36.659Z"}
{"file":"/__w/zrok/zrok/cmd/zrok/shareReserved.go:350","func":"main.(*shareReservedCommand).shareLocal","level":"info","msg":"[] -\u003e GET /node_modules/.vite/deps/chunk-FJ2A54M7.js?v=1213b022","time":"2025-06-18T03:47:36.679Z"}
{"file":"/__w/zrok/zrok/cmd/zrok/shareReserved.go:350","func":"main.(*shareReservedCommand).shareLocal","level":"info","msg":"[] -\u003e GET /src/pages/CustomerInquiries.tsx","time":"2025-06-18T03:47:36.680Z"}
{"file":"/__w/zrok/zrok/cmd/zrok/shareReserved.go:350","func":"main.(*shareReservedCommand).shareLocal","level":"info","msg":"[] -\u003e GET /src/integrations/supabase/client.ts","time":"2025-06-18T03:47:36.681Z"}
{"file":"/__w/zrok/zrok/cmd/zrok/shareReserved.go:350","func":"main.(*shareReservedCommand).shareLocal","level":"info","msg":"[] -\u003e GET /src/pages/NotFound.tsx","time":"2025-06-18T03:47:36.681Z"}
{"file":"/__w/zrok/zrok/cmd/zrok/shareReserved.go:350","func":"main.(*shareReservedCommand).shareLocal","level":"info","msg":"[] -\u003e GET /src/pages/Sessions.tsx","time":"2025-06-18T03:47:36.754Z"}
{"file":"/__w/zrok/zrok/cmd/zrok/shareReserved.go:350","func":"main.(*shareReservedCommand).shareLocal","level":"info","msg":"[] -\u003e GET /src/components/ui/table.tsx","time":"2025-06-18T03:47:36.756Z"}
{"file":"/__w/zrok/zrok/cmd/zrok/shareReserved.go:350","func":"main.(*shareReservedCommand).shareLocal","level":"info","msg":"[] -\u003e GET /src/components/ui/select.tsx","time":"2025-06-18T03:47:36.757Z"}
{"file":"/__w/zrok/zrok/cmd/zrok/shareReserved.go:350","func":"main.(*shareReservedCommand).shareLocal","level":"info","msg":"[] -\u003e GET /src/components/ui/badge.tsx","time":"2025-06-18T03:47:36.757Z"}
{"file":"/__w/zrok/zrok/cmd/zrok/shareReserved.go:350","func":"main.(*shareReservedCommand).shareLocal","level":"info","msg":"[] -\u003e GET /node_modules/.vite/deps/lucide-react.js?v=ac50b656","time":"2025-06-18T03:47:36.757Z"}
{"file":"/__w/zrok/zrok/cmd/zrok/shareReserved.go:350","func":"main.(*shareReservedCommand).shareLocal","level":"info","msg":"[] -\u003e GET /src/components/ui/input.tsx","time":"2025-06-18T03:47:36.758Z"}
{"file":"/__w/zrok/zrok/cmd/zrok/shareReserved.go:350","func":"main.(*shareReservedCommand).shareLocal","level":"info","msg":"[] -\u003e GET /node_modules/.vite/deps/react.js?v=715e623c","time":"2025-06-18T03:47:36.758Z"}
{"file":"/__w/zrok/zrok/cmd/zrok/shareReserved.go:350","func":"main.(*shareReservedCommand).shareLocal","level":"info","msg":"[] -\u003e GET /","time":"2025-06-18T03:47:36.759Z"}
{"file":"/__w/zrok/zrok/cmd/zrok/shareReserved.go:350","func":"main.(*shareReservedCommand).shareLocal","level":"info","msg":"[] -\u003e GET /src/components/ui/button.tsx","time":"2025-06-18T03:47:36.777Z"}
{"file":"/__w/zrok/zrok/cmd/zrok/shareReserved.go:350","func":"main.(*shareReservedCommand).shareLocal","level":"info","msg":"[] -\u003e GET /src/components/ui/dialog.tsx","time":"2025-06-18T03:47:36.792Z"}
{"file":"/__w/zrok/zrok/cmd/zrok/shareReserved.go:350","func":"main.(*shareReservedCommand).shareLocal","level":"info","msg":"[] -\u003e GET /src/components/ui/card.tsx","time":"2025-06-18T03:47:36.845Z"}
{"file":"/__w/zrok/zrok/cmd/zrok/shareReserved.go:350","func":"main.(*shareReservedCommand).shareLocal","level":"info","msg":"[] -\u003e GET /src/hooks/use-toast.ts","time":"2025-06-18T03:47:36.857Z"}
{"file":"/__w/zrok/zrok/cmd/zrok/shareReserved.go:350","func":"main.(*shareReservedCommand).shareLocal","level":"info","msg":"[] -\u003e GET /node_modules/.vite/deps/react-hook-form.js?v=cc531bfd","time":"2025-06-18T03:47:36.868Z"}
{"file":"/__w/zrok/zrok/cmd/zrok/shareReserved.go:350","func":"main.(*shareReservedCommand).shareLocal","level":"info","msg":"[] -\u003e GET /node_modules/.vite/deps/chunk-WKPQ4ZTV.js?v=1213b022","time":"2025-06-18T03:47:36.913Z"}
{"file":"/__w/zrok/zrok/cmd/zrok/shareReserved.go:350","func":"main.(*shareReservedCommand).shareLocal","level":"info","msg":"[] -\u003e GET /node_modules/.vite/deps/sonner.js?v=e3b8e1fd","time":"2025-06-18T03:47:36.954Z"}
{"file":"/__w/zrok/zrok/cmd/zrok/shareReserved.go:350","func":"main.(*shareReservedCommand).shareLocal","level":"info","msg":"[] -\u003e GET /src/hooks/use-mobile.tsx","time":"2025-06-18T03:47:37.020Z"}
{"file":"/__w/zrok/zrok/cmd/zrok/shareReserved.go:350","func":"main.(*shareReservedCommand).shareLocal","level":"info","msg":"[] -\u003e GET /src/components/ui/skeleton.tsx","time":"2025-06-18T03:47:37.021Z"}
{"file":"/__w/zrok/zrok/cmd/zrok/shareReserved.go:350","func":"main.(*shareReservedCommand).shareLocal","level":"info","msg":"[] -\u003e GET /src/components/ui/form.tsx","time":"2025-06-18T03:47:37.027Z"}
{"file":"/__w/zrok/zrok/cmd/zrok/shareReserved.go:350","func":"main.(*shareReservedCommand).shareLocal","level":"info","msg":"[] -\u003e GET /src/components/ui/toast.tsx","time":"2025-06-18T03:47:37.027Z"}
{"file":"/__w/zrok/zrok/cmd/zrok/shareReserved.go:350","func":"main.(*shareReservedCommand).shareLocal","level":"info","msg":"[] -\u003e GET /src/lib/utils.ts","time":"2025-06-18T03:47:37.028Z"}
{"file":"/__w/zrok/zrok/cmd/zrok/shareReserved.go:350","func":"main.(*shareReservedCommand).shareLocal","level":"info","msg":"[] -\u003e GET /node_modules/.vite/deps/next-themes.js?v=93764229","time":"2025-06-18T03:47:37.032Z"}
{"file":"/__w/zrok/zrok/cmd/zrok/shareReserved.go:350","func":"main.(*shareReservedCommand).shareLocal","level":"info","msg":"[] -\u003e GET /src/components/ui/sheet.tsx","time":"2025-06-18T03:47:37.032Z"}
{"file":"/__w/zrok/zrok/cmd/zrok/shareReserved.go:350","func":"main.(*shareReservedCommand).shareLocal","level":"info","msg":"[] -\u003e GET /src/components/ui/separator.tsx","time":"2025-06-18T03:47:37.033Z"}
{"file":"/__w/zrok/zrok/cmd/zrok/shareReserved.go:350","func":"main.(*shareReservedCommand).shareLocal","level":"info","msg":"[] -\u003e GET /node_modules/.vite/deps/@radix-ui_react-tooltip.js?v=202d7859","time":"2025-06-18T03:47:37.035Z"}
{"file":"/__w/zrok/zrok/cmd/zrok/shareReserved.go:350","func":"main.(*shareReservedCommand).shareLocal","level":"info","msg":"[] -\u003e GET /src/components/ui/textarea.tsx","time":"2025-06-18T03:47:37.036Z"}
{"file":"/__w/zrok/zrok/cmd/zrok/shareReserved.go:350","func":"main.(*shareReservedCommand).shareLocal","level":"info","msg":"[] -\u003e GET /node_modules/.vite/deps/@radix-ui_react-slot.js?v=7615222d","time":"2025-06-18T03:47:37.036Z"}
{"file":"/__w/zrok/zrok/cmd/zrok/shareReserved.go:350","func":"main.(*shareReservedCommand).shareLocal","level":"info","msg":"[] -\u003e GET /node_modules/.vite/deps/class-variance-authority.js?v=54ef1f6a","time":"2025-06-18T03:47:37.038Z"}
{"file":"/__w/zrok/zrok/cmd/zrok/shareReserved.go:350","func":"main.(*shareReservedCommand).shareLocal","level":"info","msg":"[] -\u003e GET /node_modules/.vite/deps/@supabase_supabase-js.js?v=01cddb62","time":"2025-06-18T03:47:37.512Z"}
{"file":"/__w/zrok/zrok/cmd/zrok/shareReserved.go:350","func":"main.(*shareReservedCommand).shareLocal","level":"info","msg":"[] -\u003e GET /src/components/ui/label.tsx","time":"2025-06-18T03:47:37.542Z"}
{"file":"/__w/zrok/zrok/cmd/zrok/shareReserved.go:350","func":"main.(*shareReservedCommand).shareLocal","level":"info","msg":"[] -\u003e GET /node_modules/.vite/deps/@radix-ui_react-dialog.js?v=1b12cb08","time":"2025-06-18T03:47:37.608Z"}
{"file":"/__w/zrok/zrok/cmd/zrok/shareReserved.go:350","func":"main.(*shareReservedCommand).shareLocal","level":"info","msg":"[] -\u003e GET /node_modules/.vite/deps/@radix-ui_react-select.js?v=a3dc057d","time":"2025-06-18T03:47:37.627Z"}
{"file":"/__w/zrok/zrok/cmd/zrok/shareReserved.go:350","func":"main.(*shareReservedCommand).shareLocal","level":"info","msg":"[] -\u003e GET /node_modules/.vite/deps/clsx.js?v=5638a182","time":"2025-06-18T03:47:37.770Z"}
{"file":"/__w/zrok/zrok/cmd/zrok/shareReserved.go:350","func":"main.(*shareReservedCommand).shareLocal","level":"info","msg":"[] -\u003e GET /node_modules/.vite/deps/chunk-5HD3E6E6.js?v=1213b022","time":"2025-06-18T03:47:37.771Z"}
{"file":"/__w/zrok/zrok/cmd/zrok/shareReserved.go:350","func":"main.(*shareReservedCommand).shareLocal","level":"info","msg":"[] -\u003e GET /node_modules/.vite/deps/tailwind-merge.js?v=6ce10a39","time":"2025-06-18T03:47:37.773Z"}
{"file":"/__w/zrok/zrok/cmd/zrok/shareReserved.go:350","func":"main.(*shareReservedCommand).shareLocal","level":"info","msg":"[] -\u003e GET /node_modules/.vite/deps/chunk-U7P2NEEE.js?v=1213b022","time":"2025-06-18T03:47:37.775Z"}
{"file":"/__w/zrok/zrok/cmd/zrok/shareReserved.go:350","func":"main.(*shareReservedCommand).shareLocal","level":"info","msg":"[] -\u003e GET /node_modules/.vite/deps/@radix-ui_react-separator.js?v=f3a12ced","time":"2025-06-18T03:47:37.880Z"}
{"file":"/__w/zrok/zrok/cmd/zrok/shareReserved.go:350","func":"main.(*shareReservedCommand).shareLocal","level":"info","msg":"[] -\u003e GET /node_modules/.vite/deps/@radix-ui_react-toast.js?v=46f2ecab","time":"2025-06-18T03:47:37.881Z"}
{"file":"/__w/zrok/zrok/cmd/zrok/shareReserved.go:350","func":"main.(*shareReservedCommand).shareLocal","level":"info","msg":"[] -\u003e GET /node_modules/.vite/deps/chunk-W7SCBZE4.js?v=1213b022","time":"2025-06-18T03:47:37.884Z"}
{"file":"/__w/zrok/zrok/cmd/zrok/shareReserved.go:350","func":"main.(*shareReservedCommand).shareLocal","level":"info","msg":"[] -\u003e GET /node_modules/.vite/deps/chunk-5BECDWJJ.js?v=1213b022","time":"2025-06-18T03:47:37.886Z"}
{"file":"/__w/zrok/zrok/cmd/zrok/shareReserved.go:350","func":"main.(*shareReservedCommand).shareLocal","level":"info","msg":"[] -\u003e GET /node_modules/.vite/deps/chunk-KQJ23TYM.js?v=1213b022","time":"2025-06-18T03:47:38.042Z"}
{"file":"/__w/zrok/zrok/cmd/zrok/shareReserved.go:350","func":"main.(*shareReservedCommand).shareLocal","level":"info","msg":"[] -\u003e GET /node_modules/.vite/deps/chunk-Y6VLVIB7.js?v=1213b022","time":"2025-06-18T03:47:38.043Z"}
{"file":"/__w/zrok/zrok/cmd/zrok/shareReserved.go:350","func":"main.(*shareReservedCommand).shareLocal","level":"info","msg":"[] -\u003e GET /node_modules/.vite/deps/chunk-Z5VHBGEP.js?v=1213b022","time":"2025-06-18T03:47:38.047Z"}
{"file":"/__w/zrok/zrok/cmd/zrok/shareReserved.go:350","func":"main.(*shareReservedCommand).shareLocal","level":"info","msg":"[] -\u003e GET /node_modules/.vite/deps/chunk-S5HWJMCF.js?v=1213b022","time":"2025-06-18T03:47:38.049Z"}
{"file":"/__w/zrok/zrok/cmd/zrok/shareReserved.go:350","func":"main.(*shareReservedCommand).shareLocal","level":"info","msg":"[] -\u003e GET /node_modules/.vite/deps/chunk-6HA3GW7W.js?v=1213b022","time":"2025-06-18T03:47:38.297Z"}
{"file":"/__w/zrok/zrok/cmd/zrok/shareReserved.go:350","func":"main.(*shareReservedCommand).shareLocal","level":"info","msg":"[] -\u003e GET /node_modules/.vite/deps/@radix-ui_react-label.js?v=185b82f2","time":"2025-06-18T03:47:38.446Z"}
{"file":"/__w/zrok/zrok/cmd/zrok/shareReserved.go:350","func":"main.(*shareReservedCommand).shareLocal","level":"info","msg":"[] -\u003e GET /node_modules/.vite/deps/chunk-GH6FKHHV.js?v=1213b022","time":"2025-06-18T03:47:38.630Z"}
{"file":"/__w/zrok/zrok/cmd/zrok/shareReserved.go:350","func":"main.(*shareReservedCommand).shareLocal","level":"info","msg":"[] -\u003e GET /node_modules/.vite/deps/chunk-4DG36E2S.js?v=1213b022","time":"2025-06-18T03:47:38.793Z"}
{"file":"/__w/zrok/zrok/cmd/zrok/shareReserved.go:130","func":"main.(*shareReservedCommand).shareLocal","level":"info","msg":"sharing target: 'http://127.0.0.1:3001'","time":"2025-06-18T04:09:24.461Z"}
{"file":"/__w/zrok/zrok/cmd/zrok/shareReserved.go:145","func":"main.(*shareReservedCommand).shareLocal","level":"info","msg":"using existing backend target: http://127.0.0.1:3001","time":"2025-06-18T04:09:24.461Z"}
{"file":"/github/home/go/pkg/mod/github.com/openziti/sdk-golang@v1.1.0/ziti/ziti.go:2166","func":"github.com/openziti/sdk-golang/ziti.(*listenerManager).createSessionWithBackoff","level":"info","msg":"new service session","session token":"42e45e45-b7e4-4057-aea7-24cbbac7f318","time":"2025-06-18T04:09:30.917Z"}
{"file":"/__w/zrok/zrok/cmd/zrok/shareReserved.go:342","func":"main.(*shareReservedCommand).shareLocal","level":"info","msg":"access your zrok share: https://suvasamfrontend.share.zrok.io","time":"2025-06-18T04:09:32.651Z"}
